<?xml version="1.0" encoding="UTF-8"?>
<!-- Generated by org.testng.reporters.JUnitReportReporter -->
<testsuite hostname="Shopse-398" failures="0" tests="1" name="testCases.loginToApplication" time="8.084" errors="0" timestamp="2024-03-24T19:55:10 IST" skipped="0">
  <testcase classname="testCases.loginToApplication" name="Login" time="8.084"/>
  <system-out/>
</testsuite> <!-- testCases.loginToApplication -->
